<?xml version="1.0" encoding="UTF-8"?>
<!-- Generated by org.testng.reporters.JUnitXMLReporter -->
<testsuite hostname="PRINHYLTPHP0404" ignored="0" name="Command line test" tests="7" failures="0" timestamp="2020-01-09T09:54:37 IST" time="14.132" errors="0">
  <testcase name="searchPage" time="1.522" classname="com.test.TestNGSampleTest"/>
  <testcase name="loadPage" time="2.842" classname="com.test.TestNGSampleTest"/>
  <testcase name="firstCity" time="2.462" classname="com.test.TestNGSampleTest"/>
  <testcase name="secondCity" time="1.782" classname="com.test.TestNGSampleTest"/>
  <testcase name="timeDifference" time="0.098" classname="com.test.TestNGSampleTest"/>
  <testcase name="swappingCities" time="1.269" classname="com.test.TestNGSampleTest"/>
  <testcase name="deleteCity" time="1.868" classname="com.test.TestNGSampleTest"/>
</testsuite> <!-- Command line test -->
